ERROR - 2025-05-08 15:25:41 --> mysqli_sql_exception: Column 'fechaIngreso' cannot be null in C:\xampp\htdocs\Proyecto_Topicos\system\Database\MySQLi\Connection.php:327
Stack trace:
#0 C:\xampp\htdocs\Proyecto_Topicos\system\Database\MySQLi\Connection.php(327): mysqli->query('INSERT INTO `ve...', 0)
#1 C:\xampp\htdocs\Proyecto_Topicos\system\Database\BaseConnection.php(738): CodeIgniter\Database\MySQLi\Connection->execute('INSERT INTO `ve...')
#2 C:\xampp\htdocs\Proyecto_Topicos\system\Database\BaseConnection.php(652): CodeIgniter\Database\BaseConnection->simpleQuery('INSERT INTO `ve...')
#3 C:\xampp\htdocs\Proyecto_Topicos\system\Database\BaseBuilder.php(2345): CodeIgniter\Database\BaseConnection->query('INSERT INTO `ve...', Array, false)
#4 C:\xampp\htdocs\Proyecto_Topicos\system\Model.php(394): CodeIgniter\Database\BaseBuilder->insert()
#5 C:\xampp\htdocs\Proyecto_Topicos\system\BaseModel.php(843): CodeIgniter\Model->doInsert(Array)
#6 C:\xampp\htdocs\Proyecto_Topicos\system\Model.php(800): CodeIgniter\BaseModel->insert(Array, true)
#7 C:\xampp\htdocs\Proyecto_Topicos\app\Models\VeterinarioModel.php(20): CodeIgniter\Model->insert(Array)
#8 C:\xampp\htdocs\Proyecto_Topicos\app\Controllers\Alta.php(86): App\Models\VeterinarioModel->insertarVeterinario(Array)
#9 C:\xampp\htdocs\Proyecto_Topicos\system\CodeIgniter.php(933): App\Controllers\Alta->insertarVeterinario()
#10 C:\xampp\htdocs\Proyecto_Topicos\system\CodeIgniter.php(507): CodeIgniter\CodeIgniter->runController(Object(App\Controllers\Alta))
#11 C:\xampp\htdocs\Proyecto_Topicos\system\CodeIgniter.php(354): CodeIgniter\CodeIgniter->handleRequest(NULL, Object(Config\Cache), false)
#12 C:\xampp\htdocs\Proyecto_Topicos\system\Boot.php(334): CodeIgniter\CodeIgniter->run()
#13 C:\xampp\htdocs\Proyecto_Topicos\system\Boot.php(67): CodeIgniter\Boot::runCodeIgniter(Object(CodeIgniter\CodeIgniter))
#14 C:\xampp\htdocs\Proyecto_Topicos\index.php(59): CodeIgniter\Boot::bootWeb(Object(Config\Paths))
#15 {main}
CRITICAL - 2025-05-08 15:25:41 --> CodeIgniter\Database\Exceptions\DatabaseException: Column 'fechaIngreso' cannot be null
[Method: POST, Route: insertarVeterinario]
in SYSTEMPATH\Database\BaseConnection.php on line 692.
 1 SYSTEMPATH\Database\BaseBuilder.php(2345): CodeIgniter\Database\BaseConnection->query('INSERT INTO `veterinario` (`nombre`, `especialidad`, `telefono`, `fechaIngreso`) VALUES (:nombre:, :especialidad:, :telefono:, :fechaIngreso:)', [...], false)
 2 SYSTEMPATH\Model.php(394): CodeIgniter\Database\BaseBuilder->insert()
 3 SYSTEMPATH\BaseModel.php(843): CodeIgniter\Model->doInsert([...])
 4 SYSTEMPATH\Model.php(800): CodeIgniter\BaseModel->insert([...], true)
 5 APPPATH\Models\VeterinarioModel.php(20): CodeIgniter\Model->insert([...])
 6 APPPATH\Controllers\Alta.php(86): App\Models\VeterinarioModel->insertarVeterinario([...])
 7 SYSTEMPATH\CodeIgniter.php(933): App\Controllers\Alta->insertarVeterinario()
 8 SYSTEMPATH\CodeIgniter.php(507): CodeIgniter\CodeIgniter->runController(Object(App\Controllers\Alta))
 9 SYSTEMPATH\CodeIgniter.php(354): CodeIgniter\CodeIgniter->handleRequest(null, Object(Config\Cache), false)
10 SYSTEMPATH\Boot.php(334): CodeIgniter\CodeIgniter->run()
11 SYSTEMPATH\Boot.php(67): CodeIgniter\Boot::runCodeIgniter(Object(CodeIgniter\CodeIgniter))
12 FCPATH\index.php(59): CodeIgniter\Boot::bootWeb(Object(Config\Paths))
CRITICAL - 2025-05-08 15:25:41 --> [Caused by] CodeIgniter\Database\Exceptions\DatabaseException: Column 'fechaIngreso' cannot be null
in SYSTEMPATH\Database\MySQLi\Connection.php on line 332.
 1 SYSTEMPATH\Database\BaseConnection.php(738): CodeIgniter\Database\MySQLi\Connection->execute('INSERT INTO `veterinario` (`nombre`, `especialidad`, `telefono`, `fechaIngreso`) VALUES (\'Jeronimo\', \'Cirujano\', \'123213\', NULL)')
 2 SYSTEMPATH\Database\BaseConnection.php(652): CodeIgniter\Database\BaseConnection->simpleQuery('INSERT INTO `veterinario` (`nombre`, `especialidad`, `telefono`, `fechaIngreso`) VALUES (\'Jeronimo\', \'Cirujano\', \'123213\', NULL)')
 3 SYSTEMPATH\Database\BaseBuilder.php(2345): CodeIgniter\Database\BaseConnection->query('INSERT INTO `veterinario` (`nombre`, `especialidad`, `telefono`, `fechaIngreso`) VALUES (:nombre:, :especialidad:, :telefono:, :fechaIngreso:)', [...], false)
 4 SYSTEMPATH\Model.php(394): CodeIgniter\Database\BaseBuilder->insert()
 5 SYSTEMPATH\BaseModel.php(843): CodeIgniter\Model->doInsert([...])
 6 SYSTEMPATH\Model.php(800): CodeIgniter\BaseModel->insert([...], true)
 7 APPPATH\Models\VeterinarioModel.php(20): CodeIgniter\Model->insert([...])
 8 APPPATH\Controllers\Alta.php(86): App\Models\VeterinarioModel->insertarVeterinario([...])
 9 SYSTEMPATH\CodeIgniter.php(933): App\Controllers\Alta->insertarVeterinario()
10 SYSTEMPATH\CodeIgniter.php(507): CodeIgniter\CodeIgniter->runController(Object(App\Controllers\Alta))
11 SYSTEMPATH\CodeIgniter.php(354): CodeIgniter\CodeIgniter->handleRequest(null, Object(Config\Cache), false)
12 SYSTEMPATH\Boot.php(334): CodeIgniter\CodeIgniter->run()
13 SYSTEMPATH\Boot.php(67): CodeIgniter\Boot::runCodeIgniter(Object(CodeIgniter\CodeIgniter))
14 FCPATH\index.php(59): CodeIgniter\Boot::bootWeb(Object(Config\Paths))
CRITICAL - 2025-05-08 15:25:41 --> [Caused by] mysqli_sql_exception: Column 'fechaIngreso' cannot be null
in SYSTEMPATH\Database\MySQLi\Connection.php on line 327.
 1 SYSTEMPATH\Database\MySQLi\Connection.php(327): mysqli->query('INSERT INTO `veterinario` (`nombre`, `especialidad`, `telefono`, `fechaIngreso`) VALUES (\'Jeronimo\', \'Cirujano\', \'123213\', NULL)', 0)
 2 SYSTEMPATH\Database\BaseConnection.php(738): CodeIgniter\Database\MySQLi\Connection->execute('INSERT INTO `veterinario` (`nombre`, `especialidad`, `telefono`, `fechaIngreso`) VALUES (\'Jeronimo\', \'Cirujano\', \'123213\', NULL)')
 3 SYSTEMPATH\Database\BaseConnection.php(652): CodeIgniter\Database\BaseConnection->simpleQuery('INSERT INTO `veterinario` (`nombre`, `especialidad`, `telefono`, `fechaIngreso`) VALUES (\'Jeronimo\', \'Cirujano\', \'123213\', NULL)')
 4 SYSTEMPATH\Database\BaseBuilder.php(2345): CodeIgniter\Database\BaseConnection->query('INSERT INTO `veterinario` (`nombre`, `especialidad`, `telefono`, `fechaIngreso`) VALUES (:nombre:, :especialidad:, :telefono:, :fechaIngreso:)', [...], false)
 5 SYSTEMPATH\Model.php(394): CodeIgniter\Database\BaseBuilder->insert()
 6 SYSTEMPATH\BaseModel.php(843): CodeIgniter\Model->doInsert([...])
 7 SYSTEMPATH\Model.php(800): CodeIgniter\BaseModel->insert([...], true)
 8 APPPATH\Models\VeterinarioModel.php(20): CodeIgniter\Model->insert([...])
 9 APPPATH\Controllers\Alta.php(86): App\Models\VeterinarioModel->insertarVeterinario([...])
10 SYSTEMPATH\CodeIgniter.php(933): App\Controllers\Alta->insertarVeterinario()
11 SYSTEMPATH\CodeIgniter.php(507): CodeIgniter\CodeIgniter->runController(Object(App\Controllers\Alta))
12 SYSTEMPATH\CodeIgniter.php(354): CodeIgniter\CodeIgniter->handleRequest(null, Object(Config\Cache), false)
13 SYSTEMPATH\Boot.php(334): CodeIgniter\CodeIgniter->run()
14 SYSTEMPATH\Boot.php(67): CodeIgniter\Boot::runCodeIgniter(Object(CodeIgniter\CodeIgniter))
15 FCPATH\index.php(59): CodeIgniter\Boot::bootWeb(Object(Config\Paths))
