CRITICAL - 2025-05-27 23:50:58 --> ErrorException: Undefined array key "fechaFin"
[Method: POST, Route: buscarMascotas]
in APPPATH\Views\mostrar\amosDeUnaMascotaMostrar.php on line 53.
 1 APPPATH\Views\mostrar\amosDeUnaMascotaMostrar.php(53): CodeIgniter\Debug\Exceptions->errorHandler(2, 'Undefined array key "fechaFin"', 'C:\\xampp\\htdocs\\Proyecto_Topicos\\app\\Views\\mostrar\\amosDeUnaMascotaMostrar.php', 53)
 2 SYSTEMPATH\View\View.php(224): include('C:\\xampp\\htdocs\\Proyecto_Topicos\\app\\Views\\mostrar\\amosDeUnaMascotaMostrar.php')
 3 SYSTEMPATH\View\View.php(227): CodeIgniter\View\View->CodeIgniter\View\{closure}()
 4 SYSTEMPATH\Common.php(1173): CodeIgniter\View\View->render('mostrar/amosDeUnaMascotaMostrar', [], true)
 5 APPPATH\Controllers\Mostrar.php(49): view('mostrar/amosDeUnaMascotaMostrar', [...])
 6 SYSTEMPATH\CodeIgniter.php(933): App\Controllers\Mostrar->buscarMascota()
 7 SYSTEMPATH\CodeIgniter.php(507): CodeIgniter\CodeIgniter->runController(Object(App\Controllers\Mostrar))
 8 SYSTEMPATH\CodeIgniter.php(354): CodeIgniter\CodeIgniter->handleRequest(null, Object(Config\Cache), false)
 9 SYSTEMPATH\Boot.php(334): CodeIgniter\CodeIgniter->run()
10 SYSTEMPATH\Boot.php(67): CodeIgniter\Boot::runCodeIgniter(Object(CodeIgniter\CodeIgniter))
11 FCPATH\index.php(59): CodeIgniter\Boot::bootWeb(Object(Config\Paths))
WARNING - 2025-05-27 23:57:05 --> [DEPRECATED] htmlspecialchars(): Passing null to parameter #1 ($string) of type string is deprecated in APPPATH\Views\mostrar\amosDeUnaMascotaMostrar.php on line 55.
 1 APPPATH\Views\mostrar\amosDeUnaMascotaMostrar.php(55): htmlspecialchars(null)
 2 SYSTEMPATH\View\View.php(224): include('C:\\xampp\\htdocs\\Proyecto_Topicos\\app\\Views\\mostrar\\amosDeUnaMascotaMostrar.php')
 3 SYSTEMPATH\View\View.php(227): CodeIgniter\View\View->CodeIgniter\View\{closure}()
 4 SYSTEMPATH\Common.php(1173): CodeIgniter\View\View->render('mostrar/amosDeUnaMascotaMostrar', [], true)
 5 APPPATH\Controllers\Mostrar.php(49): view('mostrar/amosDeUnaMascotaMostrar', [...])
 6 SYSTEMPATH\CodeIgniter.php(933): App\Controllers\Mostrar->buscarMascota()
 7 SYSTEMPATH\CodeIgniter.php(507): CodeIgniter\CodeIgniter->runController(Object(App\Controllers\Mostrar))
 8 SYSTEMPATH\CodeIgniter.php(354): CodeIgniter\CodeIgniter->handleRequest(null, Object(Config\Cache), false)
 9 SYSTEMPATH\Boot.php(334): CodeIgniter\CodeIgniter->run()
10 SYSTEMPATH\Boot.php(67): CodeIgniter\Boot::runCodeIgniter(Object(CodeIgniter\CodeIgniter))
11 FCPATH\index.php(59): CodeIgniter\Boot::bootWeb(Object(Config\Paths))
WARNING - 2025-05-27 23:57:13 --> [DEPRECATED] htmlspecialchars(): Passing null to parameter #1 ($string) of type string is deprecated in APPPATH\Views\mostrar\amosDeUnaMascotaMostrar.php on line 55.
 1 APPPATH\Views\mostrar\amosDeUnaMascotaMostrar.php(55): htmlspecialchars(null)
 2 SYSTEMPATH\View\View.php(224): include('C:\\xampp\\htdocs\\Proyecto_Topicos\\app\\Views\\mostrar\\amosDeUnaMascotaMostrar.php')
 3 SYSTEMPATH\View\View.php(227): CodeIgniter\View\View->CodeIgniter\View\{closure}()
 4 SYSTEMPATH\Common.php(1173): CodeIgniter\View\View->render('mostrar/amosDeUnaMascotaMostrar', [], true)
 5 APPPATH\Controllers\Mostrar.php(49): view('mostrar/amosDeUnaMascotaMostrar', [...])
 6 SYSTEMPATH\CodeIgniter.php(933): App\Controllers\Mostrar->buscarMascota()
 7 SYSTEMPATH\CodeIgniter.php(507): CodeIgniter\CodeIgniter->runController(Object(App\Controllers\Mostrar))
 8 SYSTEMPATH\CodeIgniter.php(354): CodeIgniter\CodeIgniter->handleRequest(null, Object(Config\Cache), false)
 9 SYSTEMPATH\Boot.php(334): CodeIgniter\CodeIgniter->run()
10 SYSTEMPATH\Boot.php(67): CodeIgniter\Boot::runCodeIgniter(Object(CodeIgniter\CodeIgniter))
11 FCPATH\index.php(59): CodeIgniter\Boot::bootWeb(Object(Config\Paths))
