ERROR - 2025-05-11 14:38:06 --> mysqli_sql_exception: Column 'fechaAlta' cannot be null in C:\xampp\htdocs\Proyecto_Topicos\system\Database\MySQLi\Connection.php:327
Stack trace:
#0 C:\xampp\htdocs\Proyecto_Topicos\system\Database\MySQLi\Connection.php(327): mysqli->query('INSERT INTO `am...', 0)
#1 C:\xampp\htdocs\Proyecto_Topicos\system\Database\BaseConnection.php(738): CodeIgniter\Database\MySQLi\Connection->execute('INSERT INTO `am...')
#2 C:\xampp\htdocs\Proyecto_Topicos\system\Database\BaseConnection.php(652): CodeIgniter\Database\BaseConnection->simpleQuery('INSERT INTO `am...')
#3 C:\xampp\htdocs\Proyecto_Topicos\system\Database\BaseBuilder.php(2345): CodeIgniter\Database\BaseConnection->query('INSERT INTO `am...', Array, false)
#4 C:\xampp\htdocs\Proyecto_Topicos\system\Model.php(394): CodeIgniter\Database\BaseBuilder->insert()
#5 C:\xampp\htdocs\Proyecto_Topicos\system\BaseModel.php(843): CodeIgniter\Model->doInsert(Array)
#6 C:\xampp\htdocs\Proyecto_Topicos\system\Model.php(800): CodeIgniter\BaseModel->insert(Array, true)
#7 C:\xampp\htdocs\Proyecto_Topicos\app\Models\AmoModel.php(19): CodeIgniter\Model->insert(Array)
#8 C:\xampp\htdocs\Proyecto_Topicos\app\Controllers\Alta.php(60): App\Models\AmoModel->insertarAmo(Array)
#9 C:\xampp\htdocs\Proyecto_Topicos\system\CodeIgniter.php(933): App\Controllers\Alta->insertarAmo()
#10 C:\xampp\htdocs\Proyecto_Topicos\system\CodeIgniter.php(507): CodeIgniter\CodeIgniter->runController(Object(App\Controllers\Alta))
#11 C:\xampp\htdocs\Proyecto_Topicos\system\CodeIgniter.php(354): CodeIgniter\CodeIgniter->handleRequest(NULL, Object(Config\Cache), false)
#12 C:\xampp\htdocs\Proyecto_Topicos\system\Boot.php(334): CodeIgniter\CodeIgniter->run()
#13 C:\xampp\htdocs\Proyecto_Topicos\system\Boot.php(67): CodeIgniter\Boot::runCodeIgniter(Object(CodeIgniter\CodeIgniter))
#14 C:\xampp\htdocs\Proyecto_Topicos\index.php(59): CodeIgniter\Boot::bootWeb(Object(Config\Paths))
#15 {main}
CRITICAL - 2025-05-11 14:38:06 --> CodeIgniter\Database\Exceptions\DatabaseException: Column 'fechaAlta' cannot be null
[Method: POST, Route: insertarAmo]
in SYSTEMPATH\Database\BaseConnection.php on line 692.
 1 SYSTEMPATH\Database\BaseBuilder.php(2345): CodeIgniter\Database\BaseConnection->query('INSERT INTO `amos` (`nombre`, `direccion`, `telefono`, `fechaAlta`) VALUES (:nombre:, :direccion:, :telefono:, :fechaAlta:)', [...], false)
 2 SYSTEMPATH\Model.php(394): CodeIgniter\Database\BaseBuilder->insert()
 3 SYSTEMPATH\BaseModel.php(843): CodeIgniter\Model->doInsert([...])
 4 SYSTEMPATH\Model.php(800): CodeIgniter\BaseModel->insert([...], true)
 5 APPPATH\Models\AmoModel.php(19): CodeIgniter\Model->insert([...])
 6 APPPATH\Controllers\Alta.php(60): App\Models\AmoModel->insertarAmo([...])
 7 SYSTEMPATH\CodeIgniter.php(933): App\Controllers\Alta->insertarAmo()
 8 SYSTEMPATH\CodeIgniter.php(507): CodeIgniter\CodeIgniter->runController(Object(App\Controllers\Alta))
 9 SYSTEMPATH\CodeIgniter.php(354): CodeIgniter\CodeIgniter->handleRequest(null, Object(Config\Cache), false)
10 SYSTEMPATH\Boot.php(334): CodeIgniter\CodeIgniter->run()
11 SYSTEMPATH\Boot.php(67): CodeIgniter\Boot::runCodeIgniter(Object(CodeIgniter\CodeIgniter))
12 FCPATH\index.php(59): CodeIgniter\Boot::bootWeb(Object(Config\Paths))
CRITICAL - 2025-05-11 14:38:06 --> [Caused by] CodeIgniter\Database\Exceptions\DatabaseException: Column 'fechaAlta' cannot be null
in SYSTEMPATH\Database\MySQLi\Connection.php on line 332.
 1 SYSTEMPATH\Database\BaseConnection.php(738): CodeIgniter\Database\MySQLi\Connection->execute('INSERT INTO `amos` (`nombre`, `direccion`, `telefono`, `fechaAlta`) VALUES (\'bruno\', \'asda\', \'123213\', NULL)')
 2 SYSTEMPATH\Database\BaseConnection.php(652): CodeIgniter\Database\BaseConnection->simpleQuery('INSERT INTO `amos` (`nombre`, `direccion`, `telefono`, `fechaAlta`) VALUES (\'bruno\', \'asda\', \'123213\', NULL)')
 3 SYSTEMPATH\Database\BaseBuilder.php(2345): CodeIgniter\Database\BaseConnection->query('INSERT INTO `amos` (`nombre`, `direccion`, `telefono`, `fechaAlta`) VALUES (:nombre:, :direccion:, :telefono:, :fechaAlta:)', [...], false)
 4 SYSTEMPATH\Model.php(394): CodeIgniter\Database\BaseBuilder->insert()
 5 SYSTEMPATH\BaseModel.php(843): CodeIgniter\Model->doInsert([...])
 6 SYSTEMPATH\Model.php(800): CodeIgniter\BaseModel->insert([...], true)
 7 APPPATH\Models\AmoModel.php(19): CodeIgniter\Model->insert([...])
 8 APPPATH\Controllers\Alta.php(60): App\Models\AmoModel->insertarAmo([...])
 9 SYSTEMPATH\CodeIgniter.php(933): App\Controllers\Alta->insertarAmo()
10 SYSTEMPATH\CodeIgniter.php(507): CodeIgniter\CodeIgniter->runController(Object(App\Controllers\Alta))
11 SYSTEMPATH\CodeIgniter.php(354): CodeIgniter\CodeIgniter->handleRequest(null, Object(Config\Cache), false)
12 SYSTEMPATH\Boot.php(334): CodeIgniter\CodeIgniter->run()
13 SYSTEMPATH\Boot.php(67): CodeIgniter\Boot::runCodeIgniter(Object(CodeIgniter\CodeIgniter))
14 FCPATH\index.php(59): CodeIgniter\Boot::bootWeb(Object(Config\Paths))
CRITICAL - 2025-05-11 14:38:06 --> [Caused by] mysqli_sql_exception: Column 'fechaAlta' cannot be null
in SYSTEMPATH\Database\MySQLi\Connection.php on line 327.
 1 SYSTEMPATH\Database\MySQLi\Connection.php(327): mysqli->query('INSERT INTO `amos` (`nombre`, `direccion`, `telefono`, `fechaAlta`) VALUES (\'bruno\', \'asda\', \'123213\', NULL)', 0)
 2 SYSTEMPATH\Database\BaseConnection.php(738): CodeIgniter\Database\MySQLi\Connection->execute('INSERT INTO `amos` (`nombre`, `direccion`, `telefono`, `fechaAlta`) VALUES (\'bruno\', \'asda\', \'123213\', NULL)')
 3 SYSTEMPATH\Database\BaseConnection.php(652): CodeIgniter\Database\BaseConnection->simpleQuery('INSERT INTO `amos` (`nombre`, `direccion`, `telefono`, `fechaAlta`) VALUES (\'bruno\', \'asda\', \'123213\', NULL)')
 4 SYSTEMPATH\Database\BaseBuilder.php(2345): CodeIgniter\Database\BaseConnection->query('INSERT INTO `amos` (`nombre`, `direccion`, `telefono`, `fechaAlta`) VALUES (:nombre:, :direccion:, :telefono:, :fechaAlta:)', [...], false)
 5 SYSTEMPATH\Model.php(394): CodeIgniter\Database\BaseBuilder->insert()
 6 SYSTEMPATH\BaseModel.php(843): CodeIgniter\Model->doInsert([...])
 7 SYSTEMPATH\Model.php(800): CodeIgniter\BaseModel->insert([...], true)
 8 APPPATH\Models\AmoModel.php(19): CodeIgniter\Model->insert([...])
 9 APPPATH\Controllers\Alta.php(60): App\Models\AmoModel->insertarAmo([...])
10 SYSTEMPATH\CodeIgniter.php(933): App\Controllers\Alta->insertarAmo()
11 SYSTEMPATH\CodeIgniter.php(507): CodeIgniter\CodeIgniter->runController(Object(App\Controllers\Alta))
12 SYSTEMPATH\CodeIgniter.php(354): CodeIgniter\CodeIgniter->handleRequest(null, Object(Config\Cache), false)
13 SYSTEMPATH\Boot.php(334): CodeIgniter\CodeIgniter->run()
14 SYSTEMPATH\Boot.php(67): CodeIgniter\Boot::runCodeIgniter(Object(CodeIgniter\CodeIgniter))
15 FCPATH\index.php(59): CodeIgniter\Boot::bootWeb(Object(Config\Paths))
CRITICAL - 2025-05-11 17:08:46 --> CodeIgniter\Database\Exceptions\DataException: Allowed fields must be specified for model: "App\Models\RelacionAmoMascotaModel"
[Method: POST, Route: insertarParAmoMascota]
in SYSTEMPATH\Model.php on line 822.
 1 SYSTEMPATH\Model.php(822): CodeIgniter\Database\Exceptions\DataException::forInvalidAllowedFields('App\\Models\\RelacionAmoMascotaModel')
 2 SYSTEMPATH\BaseModel.php(824): CodeIgniter\Model->doProtectFieldsForInsert([...])
 3 SYSTEMPATH\Model.php(800): CodeIgniter\BaseModel->insert([...], true)
 4 APPPATH\Models\RelacionAmoMascotaModel.php(19): CodeIgniter\Model->insert([...])
 5 APPPATH\Controllers\Alta.php(102): App\Models\RelacionAmoMascotaModel->insertarRelacionAmoMascota([...])
 6 SYSTEMPATH\CodeIgniter.php(933): App\Controllers\Alta->insertarParAmoMascota()
 7 SYSTEMPATH\CodeIgniter.php(507): CodeIgniter\CodeIgniter->runController(Object(App\Controllers\Alta))
 8 SYSTEMPATH\CodeIgniter.php(354): CodeIgniter\CodeIgniter->handleRequest(null, Object(Config\Cache), false)
 9 SYSTEMPATH\Boot.php(334): CodeIgniter\CodeIgniter->run()
10 SYSTEMPATH\Boot.php(67): CodeIgniter\Boot::runCodeIgniter(Object(CodeIgniter\CodeIgniter))
11 FCPATH\index.php(59): CodeIgniter\Boot::bootWeb(Object(Config\Paths))
CRITICAL - 2025-05-11 17:09:48 --> CodeIgniter\Database\Exceptions\DataException: There is no data to insert.
[Method: POST, Route: insertarParAmoMascota]
in SYSTEMPATH\BaseModel.php on line 829.
 1 SYSTEMPATH\BaseModel.php(829): CodeIgniter\Database\Exceptions\DataException::forEmptyDataset('insert')
 2 SYSTEMPATH\Model.php(800): CodeIgniter\BaseModel->insert([], true)
 3 APPPATH\Models\RelacionAmoMascotaModel.php(19): CodeIgniter\Model->insert([...])
 4 APPPATH\Controllers\Alta.php(102): App\Models\RelacionAmoMascotaModel->insertarRelacionAmoMascota([...])
 5 SYSTEMPATH\CodeIgniter.php(933): App\Controllers\Alta->insertarParAmoMascota()
 6 SYSTEMPATH\CodeIgniter.php(507): CodeIgniter\CodeIgniter->runController(Object(App\Controllers\Alta))
 7 SYSTEMPATH\CodeIgniter.php(354): CodeIgniter\CodeIgniter->handleRequest(null, Object(Config\Cache), false)
 8 SYSTEMPATH\Boot.php(334): CodeIgniter\CodeIgniter->run()
 9 SYSTEMPATH\Boot.php(67): CodeIgniter\Boot::runCodeIgniter(Object(CodeIgniter\CodeIgniter))
10 FCPATH\index.php(59): CodeIgniter\Boot::bootWeb(Object(Config\Paths))
ERROR - 2025-05-11 17:12:36 --> mysqli_sql_exception: Duplicate entry '1-1' for key 'uq_amo_mascota' in C:\xampp\htdocs\Proyecto_Topicos\system\Database\MySQLi\Connection.php:327
Stack trace:
#0 C:\xampp\htdocs\Proyecto_Topicos\system\Database\MySQLi\Connection.php(327): mysqli->query('INSERT INTO `am...', 0)
#1 C:\xampp\htdocs\Proyecto_Topicos\system\Database\BaseConnection.php(738): CodeIgniter\Database\MySQLi\Connection->execute('INSERT INTO `am...')
#2 C:\xampp\htdocs\Proyecto_Topicos\system\Database\BaseConnection.php(652): CodeIgniter\Database\BaseConnection->simpleQuery('INSERT INTO `am...')
#3 C:\xampp\htdocs\Proyecto_Topicos\system\Database\BaseBuilder.php(2345): CodeIgniter\Database\BaseConnection->query('INSERT INTO `am...', Array, false)
#4 C:\xampp\htdocs\Proyecto_Topicos\system\Model.php(394): CodeIgniter\Database\BaseBuilder->insert()
#5 C:\xampp\htdocs\Proyecto_Topicos\system\BaseModel.php(843): CodeIgniter\Model->doInsert(Array)
#6 C:\xampp\htdocs\Proyecto_Topicos\system\Model.php(800): CodeIgniter\BaseModel->insert(Array, true)
#7 C:\xampp\htdocs\Proyecto_Topicos\app\Models\RelacionAmoMascotaModel.php(19): CodeIgniter\Model->insert(Array)
#8 C:\xampp\htdocs\Proyecto_Topicos\app\Controllers\Alta.php(102): App\Models\RelacionAmoMascotaModel->insertarRelacionAmoMascota(Array)
#9 C:\xampp\htdocs\Proyecto_Topicos\system\CodeIgniter.php(933): App\Controllers\Alta->insertarParAmoMascota()
#10 C:\xampp\htdocs\Proyecto_Topicos\system\CodeIgniter.php(507): CodeIgniter\CodeIgniter->runController(Object(App\Controllers\Alta))
#11 C:\xampp\htdocs\Proyecto_Topicos\system\CodeIgniter.php(354): CodeIgniter\CodeIgniter->handleRequest(NULL, Object(Config\Cache), false)
#12 C:\xampp\htdocs\Proyecto_Topicos\system\Boot.php(334): CodeIgniter\CodeIgniter->run()
#13 C:\xampp\htdocs\Proyecto_Topicos\system\Boot.php(67): CodeIgniter\Boot::runCodeIgniter(Object(CodeIgniter\CodeIgniter))
#14 C:\xampp\htdocs\Proyecto_Topicos\index.php(59): CodeIgniter\Boot::bootWeb(Object(Config\Paths))
#15 {main}
CRITICAL - 2025-05-11 17:12:37 --> CodeIgniter\Database\Exceptions\DatabaseException: Duplicate entry '1-1' for key 'uq_amo_mascota'
[Method: POST, Route: insertarParAmoMascota]
in SYSTEMPATH\Database\BaseConnection.php on line 692.
 1 SYSTEMPATH\Database\BaseBuilder.php(2345): CodeIgniter\Database\BaseConnection->query('INSERT INTO `amo_mascotas` (`idAmo`, `idMascota`) VALUES (:idAmo:, :idMascota:)', [...], false)
 2 SYSTEMPATH\Model.php(394): CodeIgniter\Database\BaseBuilder->insert()
 3 SYSTEMPATH\BaseModel.php(843): CodeIgniter\Model->doInsert([...])
 4 SYSTEMPATH\Model.php(800): CodeIgniter\BaseModel->insert([...], true)
 5 APPPATH\Models\RelacionAmoMascotaModel.php(19): CodeIgniter\Model->insert([...])
 6 APPPATH\Controllers\Alta.php(102): App\Models\RelacionAmoMascotaModel->insertarRelacionAmoMascota([...])
 7 SYSTEMPATH\CodeIgniter.php(933): App\Controllers\Alta->insertarParAmoMascota()
 8 SYSTEMPATH\CodeIgniter.php(507): CodeIgniter\CodeIgniter->runController(Object(App\Controllers\Alta))
 9 SYSTEMPATH\CodeIgniter.php(354): CodeIgniter\CodeIgniter->handleRequest(null, Object(Config\Cache), false)
10 SYSTEMPATH\Boot.php(334): CodeIgniter\CodeIgniter->run()
11 SYSTEMPATH\Boot.php(67): CodeIgniter\Boot::runCodeIgniter(Object(CodeIgniter\CodeIgniter))
12 FCPATH\index.php(59): CodeIgniter\Boot::bootWeb(Object(Config\Paths))
CRITICAL - 2025-05-11 17:12:37 --> [Caused by] CodeIgniter\Database\Exceptions\DatabaseException: Duplicate entry '1-1' for key 'uq_amo_mascota'
in SYSTEMPATH\Database\MySQLi\Connection.php on line 332.
 1 SYSTEMPATH\Database\BaseConnection.php(738): CodeIgniter\Database\MySQLi\Connection->execute('INSERT INTO `amo_mascotas` (`idAmo`, `idMascota`) VALUES (\'1\', \'1\')')
 2 SYSTEMPATH\Database\BaseConnection.php(652): CodeIgniter\Database\BaseConnection->simpleQuery('INSERT INTO `amo_mascotas` (`idAmo`, `idMascota`) VALUES (\'1\', \'1\')')
 3 SYSTEMPATH\Database\BaseBuilder.php(2345): CodeIgniter\Database\BaseConnection->query('INSERT INTO `amo_mascotas` (`idAmo`, `idMascota`) VALUES (:idAmo:, :idMascota:)', [...], false)
 4 SYSTEMPATH\Model.php(394): CodeIgniter\Database\BaseBuilder->insert()
 5 SYSTEMPATH\BaseModel.php(843): CodeIgniter\Model->doInsert([...])
 6 SYSTEMPATH\Model.php(800): CodeIgniter\BaseModel->insert([...], true)
 7 APPPATH\Models\RelacionAmoMascotaModel.php(19): CodeIgniter\Model->insert([...])
 8 APPPATH\Controllers\Alta.php(102): App\Models\RelacionAmoMascotaModel->insertarRelacionAmoMascota([...])
 9 SYSTEMPATH\CodeIgniter.php(933): App\Controllers\Alta->insertarParAmoMascota()
10 SYSTEMPATH\CodeIgniter.php(507): CodeIgniter\CodeIgniter->runController(Object(App\Controllers\Alta))
11 SYSTEMPATH\CodeIgniter.php(354): CodeIgniter\CodeIgniter->handleRequest(null, Object(Config\Cache), false)
12 SYSTEMPATH\Boot.php(334): CodeIgniter\CodeIgniter->run()
13 SYSTEMPATH\Boot.php(67): CodeIgniter\Boot::runCodeIgniter(Object(CodeIgniter\CodeIgniter))
14 FCPATH\index.php(59): CodeIgniter\Boot::bootWeb(Object(Config\Paths))
CRITICAL - 2025-05-11 17:12:37 --> [Caused by] mysqli_sql_exception: Duplicate entry '1-1' for key 'uq_amo_mascota'
in SYSTEMPATH\Database\MySQLi\Connection.php on line 327.
 1 SYSTEMPATH\Database\MySQLi\Connection.php(327): mysqli->query('INSERT INTO `amo_mascotas` (`idAmo`, `idMascota`) VALUES (\'1\', \'1\')', 0)
 2 SYSTEMPATH\Database\BaseConnection.php(738): CodeIgniter\Database\MySQLi\Connection->execute('INSERT INTO `amo_mascotas` (`idAmo`, `idMascota`) VALUES (\'1\', \'1\')')
 3 SYSTEMPATH\Database\BaseConnection.php(652): CodeIgniter\Database\BaseConnection->simpleQuery('INSERT INTO `amo_mascotas` (`idAmo`, `idMascota`) VALUES (\'1\', \'1\')')
 4 SYSTEMPATH\Database\BaseBuilder.php(2345): CodeIgniter\Database\BaseConnection->query('INSERT INTO `amo_mascotas` (`idAmo`, `idMascota`) VALUES (:idAmo:, :idMascota:)', [...], false)
 5 SYSTEMPATH\Model.php(394): CodeIgniter\Database\BaseBuilder->insert()
 6 SYSTEMPATH\BaseModel.php(843): CodeIgniter\Model->doInsert([...])
 7 SYSTEMPATH\Model.php(800): CodeIgniter\BaseModel->insert([...], true)
 8 APPPATH\Models\RelacionAmoMascotaModel.php(19): CodeIgniter\Model->insert([...])
 9 APPPATH\Controllers\Alta.php(102): App\Models\RelacionAmoMascotaModel->insertarRelacionAmoMascota([...])
10 SYSTEMPATH\CodeIgniter.php(933): App\Controllers\Alta->insertarParAmoMascota()
11 SYSTEMPATH\CodeIgniter.php(507): CodeIgniter\CodeIgniter->runController(Object(App\Controllers\Alta))
12 SYSTEMPATH\CodeIgniter.php(354): CodeIgniter\CodeIgniter->handleRequest(null, Object(Config\Cache), false)
13 SYSTEMPATH\Boot.php(334): CodeIgniter\CodeIgniter->run()
14 SYSTEMPATH\Boot.php(67): CodeIgniter\Boot::runCodeIgniter(Object(CodeIgniter\CodeIgniter))
15 FCPATH\index.php(59): CodeIgniter\Boot::bootWeb(Object(Config\Paths))
CRITICAL - 2025-05-11 21:05:25 --> CodeIgniter\View\Exceptions\ViewException: Invalid file: "mostrar/mostrar.php"
[Method: GET, Route: pantallaEleccionMostrar]
in SYSTEMPATH\Exceptions\FrameworkException.php on line 39.
 1 SYSTEMPATH\View\View.php(212): CodeIgniter\Exceptions\FrameworkException::forInvalidFile('mostrar/mostrar.php')
 2 SYSTEMPATH\Common.php(1173): CodeIgniter\View\View->render('mostrar/mostrar', [], true)
 3 APPPATH\Controllers\Mostrar.php(11): view('mostrar/mostrar')
 4 SYSTEMPATH\CodeIgniter.php(933): App\Controllers\Mostrar->pantallaMostrar()
 5 SYSTEMPATH\CodeIgniter.php(507): CodeIgniter\CodeIgniter->runController(Object(App\Controllers\Mostrar))
 6 SYSTEMPATH\CodeIgniter.php(354): CodeIgniter\CodeIgniter->handleRequest(null, Object(Config\Cache), false)
 7 SYSTEMPATH\Boot.php(334): CodeIgniter\CodeIgniter->run()
 8 SYSTEMPATH\Boot.php(67): CodeIgniter\Boot::runCodeIgniter(Object(CodeIgniter\CodeIgniter))
 9 FCPATH\index.php(59): CodeIgniter\Boot::bootWeb(Object(Config\Paths))
CRITICAL - 2025-05-11 21:05:39 --> CodeIgniter\View\Exceptions\ViewException: Invalid file: "mostrar/eleccionMostrar.php"
[Method: GET, Route: pantallaEleccionMostrar]
in SYSTEMPATH\Exceptions\FrameworkException.php on line 39.
 1 SYSTEMPATH\View\View.php(212): CodeIgniter\Exceptions\FrameworkException::forInvalidFile('mostrar/eleccionMostrar.php')
 2 SYSTEMPATH\Common.php(1173): CodeIgniter\View\View->render('mostrar/eleccionMostrar', [], true)
 3 APPPATH\Controllers\Mostrar.php(11): view('mostrar/eleccionMostrar')
 4 SYSTEMPATH\CodeIgniter.php(933): App\Controllers\Mostrar->pantallaMostrar()
 5 SYSTEMPATH\CodeIgniter.php(507): CodeIgniter\CodeIgniter->runController(Object(App\Controllers\Mostrar))
 6 SYSTEMPATH\CodeIgniter.php(354): CodeIgniter\CodeIgniter->handleRequest(null, Object(Config\Cache), false)
 7 SYSTEMPATH\Boot.php(334): CodeIgniter\CodeIgniter->run()
 8 SYSTEMPATH\Boot.php(67): CodeIgniter\Boot::runCodeIgniter(Object(CodeIgniter\CodeIgniter))
 9 FCPATH\index.php(59): CodeIgniter\Boot::bootWeb(Object(Config\Paths))
CRITICAL - 2025-05-11 21:08:49 --> CodeIgniter\View\Exceptions\ViewException: Invalid file: "mascotasMostrar.php"
[Method: GET, Route: pantallaMascotaMostrar]
in SYSTEMPATH\Exceptions\FrameworkException.php on line 39.
 1 SYSTEMPATH\View\View.php(212): CodeIgniter\Exceptions\FrameworkException::forInvalidFile('mascotasMostrar.php')
 2 SYSTEMPATH\Common.php(1173): CodeIgniter\View\View->render('mascotasMostrar', [], true)
 3 APPPATH\Controllers\Mostrar.php(15): view('mascotasMostrar')
 4 SYSTEMPATH\CodeIgniter.php(933): App\Controllers\Mostrar->pantallaMascota()
 5 SYSTEMPATH\CodeIgniter.php(507): CodeIgniter\CodeIgniter->runController(Object(App\Controllers\Mostrar))
 6 SYSTEMPATH\CodeIgniter.php(354): CodeIgniter\CodeIgniter->handleRequest(null, Object(Config\Cache), false)
 7 SYSTEMPATH\Boot.php(334): CodeIgniter\CodeIgniter->run()
 8 SYSTEMPATH\Boot.php(67): CodeIgniter\Boot::runCodeIgniter(Object(CodeIgniter\CodeIgniter))
 9 FCPATH\index.php(59): CodeIgniter\Boot::bootWeb(Object(Config\Paths))
CRITICAL - 2025-05-11 21:18:07 --> ErrorException: Undefined array key "id"
[Method: GET, Route: pantallaMascotaMostrar]
in APPPATH\Views\mostrar\mascotasMostrar.php on line 8.
 1 APPPATH\Views\mostrar\mascotasMostrar.php(8): CodeIgniter\Debug\Exceptions->errorHandler(2, 'Undefined array key "id"', 'C:\\xampp\\htdocs\\Proyecto_Topicos\\app\\Views\\mostrar\\mascotasMostrar.php', 8)
 2 SYSTEMPATH\View\View.php(224): include('C:\\xampp\\htdocs\\Proyecto_Topicos\\app\\Views\\mostrar\\mascotasMostrar.php')
 3 SYSTEMPATH\View\View.php(227): CodeIgniter\View\View->CodeIgniter\View\{closure}()
 4 SYSTEMPATH\Common.php(1173): CodeIgniter\View\View->render('mostrar/mascotasMostrar', [], true)
 5 APPPATH\Controllers\Mostrar.php(25): view('mostrar/mascotasMostrar', [...])
 6 SYSTEMPATH\CodeIgniter.php(933): App\Controllers\Mostrar->pantallaMascota()
 7 SYSTEMPATH\CodeIgniter.php(507): CodeIgniter\CodeIgniter->runController(Object(App\Controllers\Mostrar))
 8 SYSTEMPATH\CodeIgniter.php(354): CodeIgniter\CodeIgniter->handleRequest(null, Object(Config\Cache), false)
 9 SYSTEMPATH\Boot.php(334): CodeIgniter\CodeIgniter->run()
10 SYSTEMPATH\Boot.php(67): CodeIgniter\Boot::runCodeIgniter(Object(CodeIgniter\CodeIgniter))
11 FCPATH\index.php(59): CodeIgniter\Boot::bootWeb(Object(Config\Paths))
CRITICAL - 2025-05-11 21:30:07 --> ErrorException: Undefined array key "idMascota"
[Method: GET, Route: pantallaMascotaMostrar]
in APPPATH\Views\mostrar\mascotasMostrar.php on line 9.
 1 APPPATH\Views\mostrar\mascotasMostrar.php(9): CodeIgniter\Debug\Exceptions->errorHandler(2, 'Undefined array key "idMascota"', 'C:\\xampp\\htdocs\\Proyecto_Topicos\\app\\Views\\mostrar\\mascotasMostrar.php', 9)
 2 SYSTEMPATH\View\View.php(224): include('C:\\xampp\\htdocs\\Proyecto_Topicos\\app\\Views\\mostrar\\mascotasMostrar.php')
 3 SYSTEMPATH\View\View.php(227): CodeIgniter\View\View->CodeIgniter\View\{closure}()
 4 SYSTEMPATH\Common.php(1173): CodeIgniter\View\View->render('mostrar/mascotasMostrar', [], true)
 5 APPPATH\Controllers\Mostrar.php(28): view('mostrar/mascotasMostrar', [...])
 6 SYSTEMPATH\CodeIgniter.php(933): App\Controllers\Mostrar->pantallaMascota()
 7 SYSTEMPATH\CodeIgniter.php(507): CodeIgniter\CodeIgniter->runController(Object(App\Controllers\Mostrar))
 8 SYSTEMPATH\CodeIgniter.php(354): CodeIgniter\CodeIgniter->handleRequest(null, Object(Config\Cache), false)
 9 SYSTEMPATH\Boot.php(334): CodeIgniter\CodeIgniter->run()
10 SYSTEMPATH\Boot.php(67): CodeIgniter\Boot::runCodeIgniter(Object(CodeIgniter\CodeIgniter))
11 FCPATH\index.php(59): CodeIgniter\Boot::bootWeb(Object(Config\Paths))
