CRITICAL - 2025-05-28 00:02:47 --> ErrorException: Undefined array key "idMascota"
[Method: POST, Route: buscarAmos]
in APPPATH\Views\mostrar\mascotasDeUnAmoMostrar.php on line 57.
 1 APPPATH\Views\mostrar\mascotasDeUnAmoMostrar.php(57): CodeIgniter\Debug\Exceptions->errorHandler(2, 'Undefined array key "idMascota"', 'C:\\xampp\\htdocs\\Proyecto_Topicos\\app\\Views\\mostrar\\mascotasDeUnAmoMostrar.php', 57)
 2 SYSTEMPATH\View\View.php(224): include('C:\\xampp\\htdocs\\Proyecto_Topicos\\app\\Views\\mostrar\\mascotasDeUnAmoMostrar.php')
 3 SYSTEMPATH\View\View.php(227): CodeIgniter\View\View->CodeIgniter\View\{closure}()
 4 SYSTEMPATH\Common.php(1173): CodeIgniter\View\View->render('mostrar/mascotasDeUnAmoMostrar', [], true)
 5 APPPATH\Controllers\Mostrar.php(60): view('mostrar/mascotasDeUnAmoMostrar', [...])
 6 SYSTEMPATH\CodeIgniter.php(933): App\Controllers\Mostrar->buscarAmo()
 7 SYSTEMPATH\CodeIgniter.php(507): CodeIgniter\CodeIgniter->runController(Object(App\Controllers\Mostrar))
 8 SYSTEMPATH\CodeIgniter.php(354): CodeIgniter\CodeIgniter->handleRequest(null, Object(Config\Cache), false)
 9 SYSTEMPATH\Boot.php(334): CodeIgniter\CodeIgniter->run()
10 SYSTEMPATH\Boot.php(67): CodeIgniter\Boot::runCodeIgniter(Object(CodeIgniter\CodeIgniter))
11 FCPATH\index.php(59): CodeIgniter\Boot::bootWeb(Object(Config\Paths))
CRITICAL - 2025-05-28 00:02:57 --> ErrorException: Undefined array key "idMascotas"
[Method: POST, Route: buscarAmos]
in APPPATH\Views\mostrar\mascotasDeUnAmoMostrar.php on line 57.
 1 APPPATH\Views\mostrar\mascotasDeUnAmoMostrar.php(57): CodeIgniter\Debug\Exceptions->errorHandler(2, 'Undefined array key "idMascotas"', 'C:\\xampp\\htdocs\\Proyecto_Topicos\\app\\Views\\mostrar\\mascotasDeUnAmoMostrar.php', 57)
 2 SYSTEMPATH\View\View.php(224): include('C:\\xampp\\htdocs\\Proyecto_Topicos\\app\\Views\\mostrar\\mascotasDeUnAmoMostrar.php')
 3 SYSTEMPATH\View\View.php(227): CodeIgniter\View\View->CodeIgniter\View\{closure}()
 4 SYSTEMPATH\Common.php(1173): CodeIgniter\View\View->render('mostrar/mascotasDeUnAmoMostrar', [], true)
 5 APPPATH\Controllers\Mostrar.php(60): view('mostrar/mascotasDeUnAmoMostrar', [...])
 6 SYSTEMPATH\CodeIgniter.php(933): App\Controllers\Mostrar->buscarAmo()
 7 SYSTEMPATH\CodeIgniter.php(507): CodeIgniter\CodeIgniter->runController(Object(App\Controllers\Mostrar))
 8 SYSTEMPATH\CodeIgniter.php(354): CodeIgniter\CodeIgniter->handleRequest(null, Object(Config\Cache), false)
 9 SYSTEMPATH\Boot.php(334): CodeIgniter\CodeIgniter->run()
10 SYSTEMPATH\Boot.php(67): CodeIgniter\Boot::runCodeIgniter(Object(CodeIgniter\CodeIgniter))
11 FCPATH\index.php(59): CodeIgniter\Boot::bootWeb(Object(Config\Paths))
WARNING - 2025-05-28 00:03:09 --> [DEPRECATED] htmlspecialchars(): Passing null to parameter #1 ($string) of type string is deprecated in APPPATH\Views\mostrar\mascotasDeUnAmoMostrar.php on line 58.
 1 APPPATH\Views\mostrar\mascotasDeUnAmoMostrar.php(58): htmlspecialchars(null)
 2 SYSTEMPATH\View\View.php(224): include('C:\\xampp\\htdocs\\Proyecto_Topicos\\app\\Views\\mostrar\\mascotasDeUnAmoMostrar.php')
 3 SYSTEMPATH\View\View.php(227): CodeIgniter\View\View->CodeIgniter\View\{closure}()
 4 SYSTEMPATH\Common.php(1173): CodeIgniter\View\View->render('mostrar/mascotasDeUnAmoMostrar', [], true)
 5 APPPATH\Controllers\Mostrar.php(60): view('mostrar/mascotasDeUnAmoMostrar', [...])
 6 SYSTEMPATH\CodeIgniter.php(933): App\Controllers\Mostrar->buscarAmo()
 7 SYSTEMPATH\CodeIgniter.php(507): CodeIgniter\CodeIgniter->runController(Object(App\Controllers\Mostrar))
 8 SYSTEMPATH\CodeIgniter.php(354): CodeIgniter\CodeIgniter->handleRequest(null, Object(Config\Cache), false)
 9 SYSTEMPATH\Boot.php(334): CodeIgniter\CodeIgniter->run()
10 SYSTEMPATH\Boot.php(67): CodeIgniter\Boot::runCodeIgniter(Object(CodeIgniter\CodeIgniter))
11 FCPATH\index.php(59): CodeIgniter\Boot::bootWeb(Object(Config\Paths))
WARNING - 2025-05-28 00:03:42 --> [DEPRECATED] htmlspecialchars(): Passing null to parameter #1 ($string) of type string is deprecated in APPPATH\Views\mostrar\mascotasDeUnAmoMostrar.php on line 58.
 1 APPPATH\Views\mostrar\mascotasDeUnAmoMostrar.php(58): htmlspecialchars(null)
 2 SYSTEMPATH\View\View.php(224): include('C:\\xampp\\htdocs\\Proyecto_Topicos\\app\\Views\\mostrar\\mascotasDeUnAmoMostrar.php')
 3 SYSTEMPATH\View\View.php(227): CodeIgniter\View\View->CodeIgniter\View\{closure}()
 4 SYSTEMPATH\Common.php(1173): CodeIgniter\View\View->render('mostrar/mascotasDeUnAmoMostrar', [], true)
 5 APPPATH\Controllers\Mostrar.php(60): view('mostrar/mascotasDeUnAmoMostrar', [...])
 6 SYSTEMPATH\CodeIgniter.php(933): App\Controllers\Mostrar->buscarAmo()
 7 SYSTEMPATH\CodeIgniter.php(507): CodeIgniter\CodeIgniter->runController(Object(App\Controllers\Mostrar))
 8 SYSTEMPATH\CodeIgniter.php(354): CodeIgniter\CodeIgniter->handleRequest(null, Object(Config\Cache), false)
 9 SYSTEMPATH\Boot.php(334): CodeIgniter\CodeIgniter->run()
10 SYSTEMPATH\Boot.php(67): CodeIgniter\Boot::runCodeIgniter(Object(CodeIgniter\CodeIgniter))
11 FCPATH\index.php(59): CodeIgniter\Boot::bootWeb(Object(Config\Paths))
WARNING - 2025-05-28 00:05:28 --> [DEPRECATED] htmlspecialchars(): Passing null to parameter #1 ($string) of type string is deprecated in APPPATH\Views\mostrar\mascotasDeUnAmoMostrar.php on line 58.
 1 APPPATH\Views\mostrar\mascotasDeUnAmoMostrar.php(58): htmlspecialchars(null)
 2 SYSTEMPATH\View\View.php(224): include('C:\\xampp\\htdocs\\Proyecto_Topicos\\app\\Views\\mostrar\\mascotasDeUnAmoMostrar.php')
 3 SYSTEMPATH\View\View.php(227): CodeIgniter\View\View->CodeIgniter\View\{closure}()
 4 SYSTEMPATH\Common.php(1173): CodeIgniter\View\View->render('mostrar/mascotasDeUnAmoMostrar', [], true)
 5 APPPATH\Controllers\Mostrar.php(60): view('mostrar/mascotasDeUnAmoMostrar', [...])
 6 SYSTEMPATH\CodeIgniter.php(933): App\Controllers\Mostrar->buscarAmo()
 7 SYSTEMPATH\CodeIgniter.php(507): CodeIgniter\CodeIgniter->runController(Object(App\Controllers\Mostrar))
 8 SYSTEMPATH\CodeIgniter.php(354): CodeIgniter\CodeIgniter->handleRequest(null, Object(Config\Cache), false)
 9 SYSTEMPATH\Boot.php(334): CodeIgniter\CodeIgniter->run()
10 SYSTEMPATH\Boot.php(67): CodeIgniter\Boot::runCodeIgniter(Object(CodeIgniter\CodeIgniter))
11 FCPATH\index.php(59): CodeIgniter\Boot::bootWeb(Object(Config\Paths))
WARNING - 2025-05-28 00:05:41 --> [DEPRECATED] htmlspecialchars(): Passing null to parameter #1 ($string) of type string is deprecated in APPPATH\Views\mostrar\mascotasDeUnAmoMostrar.php on line 58.
 1 APPPATH\Views\mostrar\mascotasDeUnAmoMostrar.php(58): htmlspecialchars(null)
 2 SYSTEMPATH\View\View.php(224): include('C:\\xampp\\htdocs\\Proyecto_Topicos\\app\\Views\\mostrar\\mascotasDeUnAmoMostrar.php')
 3 SYSTEMPATH\View\View.php(227): CodeIgniter\View\View->CodeIgniter\View\{closure}()
 4 SYSTEMPATH\Common.php(1173): CodeIgniter\View\View->render('mostrar/mascotasDeUnAmoMostrar', [], true)
 5 APPPATH\Controllers\Mostrar.php(60): view('mostrar/mascotasDeUnAmoMostrar', [...])
 6 SYSTEMPATH\CodeIgniter.php(933): App\Controllers\Mostrar->buscarAmo()
 7 SYSTEMPATH\CodeIgniter.php(507): CodeIgniter\CodeIgniter->runController(Object(App\Controllers\Mostrar))
 8 SYSTEMPATH\CodeIgniter.php(354): CodeIgniter\CodeIgniter->handleRequest(null, Object(Config\Cache), false)
 9 SYSTEMPATH\Boot.php(334): CodeIgniter\CodeIgniter->run()
10 SYSTEMPATH\Boot.php(67): CodeIgniter\Boot::runCodeIgniter(Object(CodeIgniter\CodeIgniter))
11 FCPATH\index.php(59): CodeIgniter\Boot::bootWeb(Object(Config\Paths))
WARNING - 2025-05-28 00:05:45 --> [DEPRECATED] htmlspecialchars(): Passing null to parameter #1 ($string) of type string is deprecated in APPPATH\Views\mostrar\mascotasDeUnAmoMostrar.php on line 58.
 1 APPPATH\Views\mostrar\mascotasDeUnAmoMostrar.php(58): htmlspecialchars(null)
 2 SYSTEMPATH\View\View.php(224): include('C:\\xampp\\htdocs\\Proyecto_Topicos\\app\\Views\\mostrar\\mascotasDeUnAmoMostrar.php')
 3 SYSTEMPATH\View\View.php(227): CodeIgniter\View\View->CodeIgniter\View\{closure}()
 4 SYSTEMPATH\Common.php(1173): CodeIgniter\View\View->render('mostrar/mascotasDeUnAmoMostrar', [], true)
 5 APPPATH\Controllers\Mostrar.php(60): view('mostrar/mascotasDeUnAmoMostrar', [...])
 6 SYSTEMPATH\CodeIgniter.php(933): App\Controllers\Mostrar->buscarAmo()
 7 SYSTEMPATH\CodeIgniter.php(507): CodeIgniter\CodeIgniter->runController(Object(App\Controllers\Mostrar))
 8 SYSTEMPATH\CodeIgniter.php(354): CodeIgniter\CodeIgniter->handleRequest(null, Object(Config\Cache), false)
 9 SYSTEMPATH\Boot.php(334): CodeIgniter\CodeIgniter->run()
10 SYSTEMPATH\Boot.php(67): CodeIgniter\Boot::runCodeIgniter(Object(CodeIgniter\CodeIgniter))
11 FCPATH\index.php(59): CodeIgniter\Boot::bootWeb(Object(Config\Paths))
CRITICAL - 2025-05-28 00:13:30 --> ErrorException: Undefined array key "amoActual"
[Method: POST, Route: buscarAmos]
in APPPATH\Views\mostrar\mascotasDeUnAmoMostrar.php on line 50.
 1 APPPATH\Views\mostrar\mascotasDeUnAmoMostrar.php(50): CodeIgniter\Debug\Exceptions->errorHandler(2, 'Undefined array key "amoActual"', 'C:\\xampp\\htdocs\\Proyecto_Topicos\\app\\Views\\mostrar\\mascotasDeUnAmoMostrar.php', 50)
 2 SYSTEMPATH\View\View.php(224): include('C:\\xampp\\htdocs\\Proyecto_Topicos\\app\\Views\\mostrar\\mascotasDeUnAmoMostrar.php')
 3 SYSTEMPATH\View\View.php(227): CodeIgniter\View\View->CodeIgniter\View\{closure}()
 4 SYSTEMPATH\Common.php(1173): CodeIgniter\View\View->render('mostrar/mascotasDeUnAmoMostrar', [], true)
 5 APPPATH\Controllers\Mostrar.php(60): view('mostrar/mascotasDeUnAmoMostrar', [...])
 6 SYSTEMPATH\CodeIgniter.php(933): App\Controllers\Mostrar->buscarAmo()
 7 SYSTEMPATH\CodeIgniter.php(507): CodeIgniter\CodeIgniter->runController(Object(App\Controllers\Mostrar))
 8 SYSTEMPATH\CodeIgniter.php(354): CodeIgniter\CodeIgniter->handleRequest(null, Object(Config\Cache), false)
 9 SYSTEMPATH\Boot.php(334): CodeIgniter\CodeIgniter->run()
10 SYSTEMPATH\Boot.php(67): CodeIgniter\Boot::runCodeIgniter(Object(CodeIgniter\CodeIgniter))
11 FCPATH\index.php(59): CodeIgniter\Boot::bootWeb(Object(Config\Paths))
WARNING - 2025-05-28 00:15:17 --> [DEPRECATED] htmlspecialchars(): Passing null to parameter #1 ($string) of type string is deprecated in APPPATH\Views\mostrar\mascotasDeUnAmoMostrar.php on line 60.
 1 APPPATH\Views\mostrar\mascotasDeUnAmoMostrar.php(60): htmlspecialchars(null)
 2 SYSTEMPATH\View\View.php(224): include('C:\\xampp\\htdocs\\Proyecto_Topicos\\app\\Views\\mostrar\\mascotasDeUnAmoMostrar.php')
 3 SYSTEMPATH\View\View.php(227): CodeIgniter\View\View->CodeIgniter\View\{closure}()
 4 SYSTEMPATH\Common.php(1173): CodeIgniter\View\View->render('mostrar/mascotasDeUnAmoMostrar', [], true)
 5 APPPATH\Controllers\Mostrar.php(60): view('mostrar/mascotasDeUnAmoMostrar', [...])
 6 SYSTEMPATH\CodeIgniter.php(933): App\Controllers\Mostrar->buscarAmo()
 7 SYSTEMPATH\CodeIgniter.php(507): CodeIgniter\CodeIgniter->runController(Object(App\Controllers\Mostrar))
 8 SYSTEMPATH\CodeIgniter.php(354): CodeIgniter\CodeIgniter->handleRequest(null, Object(Config\Cache), false)
 9 SYSTEMPATH\Boot.php(334): CodeIgniter\CodeIgniter->run()
10 SYSTEMPATH\Boot.php(67): CodeIgniter\Boot::runCodeIgniter(Object(CodeIgniter\CodeIgniter))
11 FCPATH\index.php(59): CodeIgniter\Boot::bootWeb(Object(Config\Paths))
WARNING - 2025-05-28 00:15:17 --> [DEPRECATED] htmlspecialchars(): Passing null to parameter #1 ($string) of type string is deprecated in APPPATH\Views\mostrar\mascotasDeUnAmoMostrar.php on line 60.
 1 APPPATH\Views\mostrar\mascotasDeUnAmoMostrar.php(60): htmlspecialchars(null)
 2 SYSTEMPATH\View\View.php(224): include('C:\\xampp\\htdocs\\Proyecto_Topicos\\app\\Views\\mostrar\\mascotasDeUnAmoMostrar.php')
 3 SYSTEMPATH\View\View.php(227): CodeIgniter\View\View->CodeIgniter\View\{closure}()
 4 SYSTEMPATH\Common.php(1173): CodeIgniter\View\View->render('mostrar/mascotasDeUnAmoMostrar', [], true)
 5 APPPATH\Controllers\Mostrar.php(60): view('mostrar/mascotasDeUnAmoMostrar', [...])
 6 SYSTEMPATH\CodeIgniter.php(933): App\Controllers\Mostrar->buscarAmo()
 7 SYSTEMPATH\CodeIgniter.php(507): CodeIgniter\CodeIgniter->runController(Object(App\Controllers\Mostrar))
 8 SYSTEMPATH\CodeIgniter.php(354): CodeIgniter\CodeIgniter->handleRequest(null, Object(Config\Cache), false)
 9 SYSTEMPATH\Boot.php(334): CodeIgniter\CodeIgniter->run()
10 SYSTEMPATH\Boot.php(67): CodeIgniter\Boot::runCodeIgniter(Object(CodeIgniter\CodeIgniter))
11 FCPATH\index.php(59): CodeIgniter\Boot::bootWeb(Object(Config\Paths))
WARNING - 2025-05-28 00:15:17 --> [DEPRECATED] htmlspecialchars(): Passing null to parameter #1 ($string) of type string is deprecated in APPPATH\Views\mostrar\mascotasDeUnAmoMostrar.php on line 60.
 1 APPPATH\Views\mostrar\mascotasDeUnAmoMostrar.php(60): htmlspecialchars(null)
 2 SYSTEMPATH\View\View.php(224): include('C:\\xampp\\htdocs\\Proyecto_Topicos\\app\\Views\\mostrar\\mascotasDeUnAmoMostrar.php')
 3 SYSTEMPATH\View\View.php(227): CodeIgniter\View\View->CodeIgniter\View\{closure}()
 4 SYSTEMPATH\Common.php(1173): CodeIgniter\View\View->render('mostrar/mascotasDeUnAmoMostrar', [], true)
 5 APPPATH\Controllers\Mostrar.php(60): view('mostrar/mascotasDeUnAmoMostrar', [...])
 6 SYSTEMPATH\CodeIgniter.php(933): App\Controllers\Mostrar->buscarAmo()
 7 SYSTEMPATH\CodeIgniter.php(507): CodeIgniter\CodeIgniter->runController(Object(App\Controllers\Mostrar))
 8 SYSTEMPATH\CodeIgniter.php(354): CodeIgniter\CodeIgniter->handleRequest(null, Object(Config\Cache), false)
 9 SYSTEMPATH\Boot.php(334): CodeIgniter\CodeIgniter->run()
10 SYSTEMPATH\Boot.php(67): CodeIgniter\Boot::runCodeIgniter(Object(CodeIgniter\CodeIgniter))
11 FCPATH\index.php(59): CodeIgniter\Boot::bootWeb(Object(Config\Paths))
WARNING - 2025-05-28 00:15:23 --> [DEPRECATED] htmlspecialchars(): Passing null to parameter #1 ($string) of type string is deprecated in APPPATH\Views\mostrar\mascotasDeUnAmoMostrar.php on line 60.
 1 APPPATH\Views\mostrar\mascotasDeUnAmoMostrar.php(60): htmlspecialchars(null)
 2 SYSTEMPATH\View\View.php(224): include('C:\\xampp\\htdocs\\Proyecto_Topicos\\app\\Views\\mostrar\\mascotasDeUnAmoMostrar.php')
 3 SYSTEMPATH\View\View.php(227): CodeIgniter\View\View->CodeIgniter\View\{closure}()
 4 SYSTEMPATH\Common.php(1173): CodeIgniter\View\View->render('mostrar/mascotasDeUnAmoMostrar', [], true)
 5 APPPATH\Controllers\Mostrar.php(60): view('mostrar/mascotasDeUnAmoMostrar', [...])
 6 SYSTEMPATH\CodeIgniter.php(933): App\Controllers\Mostrar->buscarAmo()
 7 SYSTEMPATH\CodeIgniter.php(507): CodeIgniter\CodeIgniter->runController(Object(App\Controllers\Mostrar))
 8 SYSTEMPATH\CodeIgniter.php(354): CodeIgniter\CodeIgniter->handleRequest(null, Object(Config\Cache), false)
 9 SYSTEMPATH\Boot.php(334): CodeIgniter\CodeIgniter->run()
10 SYSTEMPATH\Boot.php(67): CodeIgniter\Boot::runCodeIgniter(Object(CodeIgniter\CodeIgniter))
11 FCPATH\index.php(59): CodeIgniter\Boot::bootWeb(Object(Config\Paths))
WARNING - 2025-05-28 00:15:23 --> [DEPRECATED] htmlspecialchars(): Passing null to parameter #1 ($string) of type string is deprecated in APPPATH\Views\mostrar\mascotasDeUnAmoMostrar.php on line 60.
 1 APPPATH\Views\mostrar\mascotasDeUnAmoMostrar.php(60): htmlspecialchars(null)
 2 SYSTEMPATH\View\View.php(224): include('C:\\xampp\\htdocs\\Proyecto_Topicos\\app\\Views\\mostrar\\mascotasDeUnAmoMostrar.php')
 3 SYSTEMPATH\View\View.php(227): CodeIgniter\View\View->CodeIgniter\View\{closure}()
 4 SYSTEMPATH\Common.php(1173): CodeIgniter\View\View->render('mostrar/mascotasDeUnAmoMostrar', [], true)
 5 APPPATH\Controllers\Mostrar.php(60): view('mostrar/mascotasDeUnAmoMostrar', [...])
 6 SYSTEMPATH\CodeIgniter.php(933): App\Controllers\Mostrar->buscarAmo()
 7 SYSTEMPATH\CodeIgniter.php(507): CodeIgniter\CodeIgniter->runController(Object(App\Controllers\Mostrar))
 8 SYSTEMPATH\CodeIgniter.php(354): CodeIgniter\CodeIgniter->handleRequest(null, Object(Config\Cache), false)
 9 SYSTEMPATH\Boot.php(334): CodeIgniter\CodeIgniter->run()
10 SYSTEMPATH\Boot.php(67): CodeIgniter\Boot::runCodeIgniter(Object(CodeIgniter\CodeIgniter))
11 FCPATH\index.php(59): CodeIgniter\Boot::bootWeb(Object(Config\Paths))
WARNING - 2025-05-28 00:15:23 --> [DEPRECATED] htmlspecialchars(): Passing null to parameter #1 ($string) of type string is deprecated in APPPATH\Views\mostrar\mascotasDeUnAmoMostrar.php on line 60.
 1 APPPATH\Views\mostrar\mascotasDeUnAmoMostrar.php(60): htmlspecialchars(null)
 2 SYSTEMPATH\View\View.php(224): include('C:\\xampp\\htdocs\\Proyecto_Topicos\\app\\Views\\mostrar\\mascotasDeUnAmoMostrar.php')
 3 SYSTEMPATH\View\View.php(227): CodeIgniter\View\View->CodeIgniter\View\{closure}()
 4 SYSTEMPATH\Common.php(1173): CodeIgniter\View\View->render('mostrar/mascotasDeUnAmoMostrar', [], true)
 5 APPPATH\Controllers\Mostrar.php(60): view('mostrar/mascotasDeUnAmoMostrar', [...])
 6 SYSTEMPATH\CodeIgniter.php(933): App\Controllers\Mostrar->buscarAmo()
 7 SYSTEMPATH\CodeIgniter.php(507): CodeIgniter\CodeIgniter->runController(Object(App\Controllers\Mostrar))
 8 SYSTEMPATH\CodeIgniter.php(354): CodeIgniter\CodeIgniter->handleRequest(null, Object(Config\Cache), false)
 9 SYSTEMPATH\Boot.php(334): CodeIgniter\CodeIgniter->run()
10 SYSTEMPATH\Boot.php(67): CodeIgniter\Boot::runCodeIgniter(Object(CodeIgniter\CodeIgniter))
11 FCPATH\index.php(59): CodeIgniter\Boot::bootWeb(Object(Config\Paths))
WARNING - 2025-05-28 00:18:12 --> [DEPRECATED] htmlspecialchars(): Passing null to parameter #1 ($string) of type string is deprecated in APPPATH\Views\mostrar\mascotasDeUnAmoMostrar.php on line 71.
 1 APPPATH\Views\mostrar\mascotasDeUnAmoMostrar.php(71): htmlspecialchars(null)
 2 SYSTEMPATH\View\View.php(224): include('C:\\xampp\\htdocs\\Proyecto_Topicos\\app\\Views\\mostrar\\mascotasDeUnAmoMostrar.php')
 3 SYSTEMPATH\View\View.php(227): CodeIgniter\View\View->CodeIgniter\View\{closure}()
 4 SYSTEMPATH\Common.php(1173): CodeIgniter\View\View->render('mostrar/mascotasDeUnAmoMostrar', [], true)
 5 APPPATH\Controllers\Mostrar.php(60): view('mostrar/mascotasDeUnAmoMostrar', [...])
 6 SYSTEMPATH\CodeIgniter.php(933): App\Controllers\Mostrar->buscarAmo()
 7 SYSTEMPATH\CodeIgniter.php(507): CodeIgniter\CodeIgniter->runController(Object(App\Controllers\Mostrar))
 8 SYSTEMPATH\CodeIgniter.php(354): CodeIgniter\CodeIgniter->handleRequest(null, Object(Config\Cache), false)
 9 SYSTEMPATH\Boot.php(334): CodeIgniter\CodeIgniter->run()
10 SYSTEMPATH\Boot.php(67): CodeIgniter\Boot::runCodeIgniter(Object(CodeIgniter\CodeIgniter))
11 FCPATH\index.php(59): CodeIgniter\Boot::bootWeb(Object(Config\Paths))
WARNING - 2025-05-28 00:18:17 --> [DEPRECATED] htmlspecialchars(): Passing null to parameter #1 ($string) of type string is deprecated in APPPATH\Views\mostrar\mascotasDeUnAmoMostrar.php on line 71.
 1 APPPATH\Views\mostrar\mascotasDeUnAmoMostrar.php(71): htmlspecialchars(null)
 2 SYSTEMPATH\View\View.php(224): include('C:\\xampp\\htdocs\\Proyecto_Topicos\\app\\Views\\mostrar\\mascotasDeUnAmoMostrar.php')
 3 SYSTEMPATH\View\View.php(227): CodeIgniter\View\View->CodeIgniter\View\{closure}()
 4 SYSTEMPATH\Common.php(1173): CodeIgniter\View\View->render('mostrar/mascotasDeUnAmoMostrar', [], true)
 5 APPPATH\Controllers\Mostrar.php(60): view('mostrar/mascotasDeUnAmoMostrar', [...])
 6 SYSTEMPATH\CodeIgniter.php(933): App\Controllers\Mostrar->buscarAmo()
 7 SYSTEMPATH\CodeIgniter.php(507): CodeIgniter\CodeIgniter->runController(Object(App\Controllers\Mostrar))
 8 SYSTEMPATH\CodeIgniter.php(354): CodeIgniter\CodeIgniter->handleRequest(null, Object(Config\Cache), false)
 9 SYSTEMPATH\Boot.php(334): CodeIgniter\CodeIgniter->run()
10 SYSTEMPATH\Boot.php(67): CodeIgniter\Boot::runCodeIgniter(Object(CodeIgniter\CodeIgniter))
11 FCPATH\index.php(59): CodeIgniter\Boot::bootWeb(Object(Config\Paths))
WARNING - 2025-05-28 00:19:18 --> [DEPRECATED] htmlspecialchars(): Passing null to parameter #1 ($string) of type string is deprecated in APPPATH\Views\mostrar\mascotasDeUnAmoMostrar.php on line 58.
 1 APPPATH\Views\mostrar\mascotasDeUnAmoMostrar.php(58): htmlspecialchars(null)
 2 SYSTEMPATH\View\View.php(224): include('C:\\xampp\\htdocs\\Proyecto_Topicos\\app\\Views\\mostrar\\mascotasDeUnAmoMostrar.php')
 3 SYSTEMPATH\View\View.php(227): CodeIgniter\View\View->CodeIgniter\View\{closure}()
 4 SYSTEMPATH\Common.php(1173): CodeIgniter\View\View->render('mostrar/mascotasDeUnAmoMostrar', [], true)
 5 APPPATH\Controllers\Mostrar.php(60): view('mostrar/mascotasDeUnAmoMostrar', [...])
 6 SYSTEMPATH\CodeIgniter.php(933): App\Controllers\Mostrar->buscarAmo()
 7 SYSTEMPATH\CodeIgniter.php(507): CodeIgniter\CodeIgniter->runController(Object(App\Controllers\Mostrar))
 8 SYSTEMPATH\CodeIgniter.php(354): CodeIgniter\CodeIgniter->handleRequest(null, Object(Config\Cache), false)
 9 SYSTEMPATH\Boot.php(334): CodeIgniter\CodeIgniter->run()
10 SYSTEMPATH\Boot.php(67): CodeIgniter\Boot::runCodeIgniter(Object(CodeIgniter\CodeIgniter))
11 FCPATH\index.php(59): CodeIgniter\Boot::bootWeb(Object(Config\Paths))
WARNING - 2025-05-28 00:19:20 --> [DEPRECATED] htmlspecialchars(): Passing null to parameter #1 ($string) of type string is deprecated in APPPATH\Views\mostrar\mascotasDeUnAmoMostrar.php on line 58.
 1 APPPATH\Views\mostrar\mascotasDeUnAmoMostrar.php(58): htmlspecialchars(null)
 2 SYSTEMPATH\View\View.php(224): include('C:\\xampp\\htdocs\\Proyecto_Topicos\\app\\Views\\mostrar\\mascotasDeUnAmoMostrar.php')
 3 SYSTEMPATH\View\View.php(227): CodeIgniter\View\View->CodeIgniter\View\{closure}()
 4 SYSTEMPATH\Common.php(1173): CodeIgniter\View\View->render('mostrar/mascotasDeUnAmoMostrar', [], true)
 5 APPPATH\Controllers\Mostrar.php(60): view('mostrar/mascotasDeUnAmoMostrar', [...])
 6 SYSTEMPATH\CodeIgniter.php(933): App\Controllers\Mostrar->buscarAmo()
 7 SYSTEMPATH\CodeIgniter.php(507): CodeIgniter\CodeIgniter->runController(Object(App\Controllers\Mostrar))
 8 SYSTEMPATH\CodeIgniter.php(354): CodeIgniter\CodeIgniter->handleRequest(null, Object(Config\Cache), false)
 9 SYSTEMPATH\Boot.php(334): CodeIgniter\CodeIgniter->run()
10 SYSTEMPATH\Boot.php(67): CodeIgniter\Boot::runCodeIgniter(Object(CodeIgniter\CodeIgniter))
11 FCPATH\index.php(59): CodeIgniter\Boot::bootWeb(Object(Config\Paths))
WARNING - 2025-05-28 00:19:34 --> [DEPRECATED] htmlspecialchars(): Passing null to parameter #1 ($string) of type string is deprecated in APPPATH\Views\mostrar\amosDeUnaMascotaMostrar.php on line 55.
 1 APPPATH\Views\mostrar\amosDeUnaMascotaMostrar.php(55): htmlspecialchars(null)
 2 SYSTEMPATH\View\View.php(224): include('C:\\xampp\\htdocs\\Proyecto_Topicos\\app\\Views\\mostrar\\amosDeUnaMascotaMostrar.php')
 3 SYSTEMPATH\View\View.php(227): CodeIgniter\View\View->CodeIgniter\View\{closure}()
 4 SYSTEMPATH\Common.php(1173): CodeIgniter\View\View->render('mostrar/amosDeUnaMascotaMostrar', [], true)
 5 APPPATH\Controllers\Mostrar.php(49): view('mostrar/amosDeUnaMascotaMostrar', [...])
 6 SYSTEMPATH\CodeIgniter.php(933): App\Controllers\Mostrar->buscarMascota()
 7 SYSTEMPATH\CodeIgniter.php(507): CodeIgniter\CodeIgniter->runController(Object(App\Controllers\Mostrar))
 8 SYSTEMPATH\CodeIgniter.php(354): CodeIgniter\CodeIgniter->handleRequest(null, Object(Config\Cache), false)
 9 SYSTEMPATH\Boot.php(334): CodeIgniter\CodeIgniter->run()
10 SYSTEMPATH\Boot.php(67): CodeIgniter\Boot::runCodeIgniter(Object(CodeIgniter\CodeIgniter))
11 FCPATH\index.php(59): CodeIgniter\Boot::bootWeb(Object(Config\Paths))
WARNING - 2025-05-28 00:30:34 --> [DEPRECATED] htmlspecialchars(): Passing null to parameter #1 ($string) of type string is deprecated in APPPATH\Views\mostrar\amosDeUnaMascotaMostrar.php on line 55.
 1 APPPATH\Views\mostrar\amosDeUnaMascotaMostrar.php(55): htmlspecialchars(null)
 2 SYSTEMPATH\View\View.php(224): include('C:\\xampp\\htdocs\\Proyecto_Topicos\\app\\Views\\mostrar\\amosDeUnaMascotaMostrar.php')
 3 SYSTEMPATH\View\View.php(227): CodeIgniter\View\View->CodeIgniter\View\{closure}()
 4 SYSTEMPATH\Common.php(1173): CodeIgniter\View\View->render('mostrar/amosDeUnaMascotaMostrar', [], true)
 5 APPPATH\Controllers\Mostrar.php(49): view('mostrar/amosDeUnaMascotaMostrar', [...])
 6 SYSTEMPATH\CodeIgniter.php(933): App\Controllers\Mostrar->buscarMascota()
 7 SYSTEMPATH\CodeIgniter.php(507): CodeIgniter\CodeIgniter->runController(Object(App\Controllers\Mostrar))
 8 SYSTEMPATH\CodeIgniter.php(354): CodeIgniter\CodeIgniter->handleRequest(null, Object(Config\Cache), false)
 9 SYSTEMPATH\Boot.php(334): CodeIgniter\CodeIgniter->run()
10 SYSTEMPATH\Boot.php(67): CodeIgniter\Boot::runCodeIgniter(Object(CodeIgniter\CodeIgniter))
11 FCPATH\index.php(59): CodeIgniter\Boot::bootWeb(Object(Config\Paths))
